  ArrayList.cpp
  Source.cpp
C:\Users\пк\Documents\GitHub\programming-bach-2020-autumn\2020.10.18-HomeWork-5\Task5\Source.cpp(78,25): error C2131: выражение не определяется константой
C:\Users\пк\Documents\GitHub\programming-bach-2020-autumn\2020.10.18-HomeWork-5\Task5\Source.cpp(78,15): message : сбой вызван чтением переменной вне срока ее существования
C:\Users\пк\Documents\GitHub\programming-bach-2020-autumn\2020.10.18-HomeWork-5\Task5\Source.cpp(78,15): message : см. использование "arr"
C:\Users\пк\Documents\GitHub\programming-bach-2020-autumn\2020.10.18-HomeWork-5\Task5\Source.cpp(85,23): error C3863: тип массива "bool ['функция']" является неназначаемым
  Создание кода...
